<?xml version="1.0" encoding="UTF-8"?>
<testsuite xmlns:xsi="http://www.w3.org/2001/XMLSchema-instance" xsi:noNamespaceSchemaLocation="https://maven.apache.org/surefire/maven-surefire-plugin/xsd/surefire-test-report-3.0.xsd" version="3.0" name="com.cheung.jeremy.server.ServerApplicationTests" time="12.032" tests="1" errors="0" skipped="0" failures="0">
  <properties>
[...]
</properties>
  <testcase name="contextLoads" classname="com.cheung.jeremy.server.ServerApplicationTests" time="0.977">
    <system-out><![CDATA[06:30:07.235 [main] INFO org.springframework.test.context.support.AnnotationConfigContextLoaderUtils -- Could not detect default configuration classes for test class [com.cheung.jeremy.server.ServerApplicationTests]: ServerApplicationTests does not declare any static, non-private, non-final, nested classes annotated with @Configuration.
06:30:07.638 [main] INFO org.springframework.boot.test.context.SpringBootTestContextBootstrapper -- Found @SpringBootConfiguration com.cheung.jeremy.server.ServerApplication for test class com.cheung.jeremy.server.ServerApplicationTests

  .   ____          _            __ _ _
 /\\ / ___'_ __ _ _(_)_ __  __ _ \ \ \ \
( ( )\___ | '_ | '_| | '_ \/ _` | \ \ \ \
 \\/  ___)| |_)| | | | | || (_| |  ) ) ) )
  '  |____| .__|_| |_|_| |_\__, | / / / /
 =========|_|==============|___/=/_/_/_/
 :: Spring Boot ::                (v3.1.5)

2023-12-11T06:30:10.303Z  INFO 19064 --- [           main] c.c.j.server.ServerApplicationTests      : Starting ServerApplicationTests using Java 17.0.1 with PID 19064 (started by Jeremy in c:\Users\jerem\Documents\Git personal\student-api\server)
2023-12-11T06:30:10.305Z  INFO 19064 --- [           main] c.c.j.server.ServerApplicationTests      : No active profile set, falling back to 1 default profile: "default"
2023-12-11T06:30:12.670Z  INFO 19064 --- [           main] .s.d.r.c.RepositoryConfigurationDelegate : Bootstrapping Spring Data JPA repositories in DEFAULT mode.
2023-12-11T06:30:12.756Z  INFO 19064 --- [           main] .s.d.r.c.RepositoryConfigurationDelegate : Finished Spring Data repository scanning in 70 ms. Found 1 JPA repository interfaces.
2023-12-11T06:30:13.467Z  INFO 19064 --- [           main] com.zaxxer.hikari.HikariDataSource       : HikariPool-1 - Starting...
2023-12-11T06:30:13.807Z  INFO 19064 --- [           main] com.zaxxer.hikari.pool.HikariPool        : HikariPool-1 - Added connection conn0: url=jdbc:h2:mem:student user=SA
2023-12-11T06:30:13.813Z  INFO 19064 --- [           main] com.zaxxer.hikari.HikariDataSource       : HikariPool-1 - Start completed.
2023-12-11T06:30:13.937Z  INFO 19064 --- [           main] o.hibernate.jpa.internal.util.LogHelper  : HHH000204: Processing PersistenceUnitInfo [name: default]
2023-12-11T06:30:14.075Z  INFO 19064 --- [           main] org.hibernate.Version                    : HHH000412: Hibernate ORM core version 6.2.13.Final
2023-12-11T06:30:14.083Z  INFO 19064 --- [           main] org.hibernate.cfg.Environment            : HHH000406: Using bytecode reflection optimizer
2023-12-11T06:30:14.583Z  INFO 19064 --- [           main] o.s.o.j.p.SpringPersistenceUnitInfo      : No LoadTimeWeaver setup: ignoring JPA class transformer
2023-12-11T06:30:14.662Z  WARN 19064 --- [           main] org.hibernate.orm.deprecation            : HHH90000025: H2Dialect does not need to be specified explicitly using 'hibernate.dialect' (remove the property setting and it will be selected by default)
2023-12-11T06:30:15.804Z  INFO 19064 --- [           main] o.h.e.t.j.p.i.JtaPlatformInitiator       : HHH000489: No JTA platform available (set 'hibernate.transaction.jta.platform' to enable JTA platform integration)
2023-12-11T06:30:15.843Z  INFO 19064 --- [           main] j.LocalContainerEntityManagerFactoryBean : Initialized JPA EntityManagerFactory for persistence unit 'default'
2023-12-11T06:30:16.242Z  INFO 19064 --- [           main] o.s.d.j.r.query.QueryEnhancerFactory     : Hibernate is in classpath; If applicable, HQL parser will be used.
2023-12-11T06:30:16.987Z  WARN 19064 --- [           main] JpaBaseConfiguration$JpaWebConfiguration : spring.jpa.open-in-view is enabled by default. Therefore, database queries may be performed during view rendering. Explicitly configure spring.jpa.open-in-view to disable this warning
2023-12-11T06:30:17.661Z  INFO 19064 --- [           main] c.c.j.server.ServerApplicationTests      : Started ServerApplicationTests in 8.972 seconds (process running for 11.826)
]]></system-out>
  </testcase>
</testsuite>